2025-12-28 23:42:29,804 | INFO | GET / Status=200 Time=0.001s
2025-12-28 23:42:33,704 | INFO | GET /docs Status=200 Time=0.0s
2025-12-28 23:42:34,030 | INFO | GET /openapi.json Status=200 Time=0.038s
2025-12-28 23:44:41,829 | INFO | POST /clinic/clinic Status=401 Time=0.015s
2025-12-28 23:52:41,092 | INFO | GET /docs Status=200 Time=0.003s
2025-12-28 23:52:41,212 | INFO | GET /openapi.json Status=200 Time=0.038s
2025-12-28 23:53:53,374 | INFO | GET /docs Status=200 Time=0.001s
2025-12-28 23:53:53,471 | INFO | GET /openapi.json Status=200 Time=0.035s
2025-12-28 23:54:17,524 | INFO | GET /docs Status=200 Time=0.003s
2025-12-28 23:54:17,605 | INFO | GET /openapi.json Status=200 Time=0.031s
2025-12-28 23:57:19,657 | INFO | GET /docs Status=200 Time=0.002s
2025-12-28 23:57:19,760 | INFO | GET /openapi.json Status=200 Time=0.033s
2025-12-28 23:57:41,703 | INFO | POST /clinic Status=200 Time=0.064s
2025-12-29 00:15:09,684 | INFO | POST /doctors/doctor Status=401 Time=0.005s
2025-12-29 00:20:30,515 | INFO | GET /docs Status=200 Time=0.001s
2025-12-29 00:20:30,662 | INFO | GET /openapi.json Status=200 Time=0.036s
2025-12-29 00:25:38,621 | INFO | GET /docs Status=200 Time=0.001s
2025-12-29 00:25:38,753 | INFO | GET /openapi.json Status=200 Time=0.04s
2025-12-29 00:33:41,216 | INFO | GET /docs Status=200 Time=0.003s
2025-12-29 00:33:41,335 | INFO | GET /openapi.json Status=200 Time=0.037s
2025-12-29 00:34:08,411 | INFO | POST /doctors/doctor Status=200 Time=0.06s
2025-12-29 00:36:05,826 | INFO | GET /doctors/get Status=404 Time=0.001s
2025-12-29 00:36:10,152 | INFO | GET /docs Status=200 Time=0.001s
2025-12-29 00:36:10,259 | INFO | GET /openapi.json Status=200 Time=0.032s
2025-12-29 00:42:08,963 | INFO | GET /docs Status=200 Time=0.001s
2025-12-29 00:42:09,075 | INFO | GET /openapi.json Status=200 Time=0.033s
2025-12-29 00:42:18,252 | INFO | GET /docs Status=200 Time=0.0s
2025-12-29 00:42:18,324 | INFO | GET /openapi.json Status=200 Time=0.001s
2025-12-29 00:45:20,111 | INFO | GET /docs Status=200 Time=0.001s
2025-12-29 00:45:20,254 | INFO | GET /openapi.json Status=200 Time=0.018s
2025-12-29 00:45:28,887 | INFO | GET /docs Status=200 Time=0.001s
2025-12-29 00:45:28,961 | INFO | GET /openapi.json Status=200 Time=0.0s
2025-12-29 01:10:48,083 | INFO | GET /docs Status=200 Time=0.001s
2025-12-29 01:10:48,225 | INFO | GET /openapi.json Status=200 Time=0.03s
2025-12-29 01:15:44,513 | INFO | GET /docs Status=200 Time=0.001s
2025-12-29 01:15:44,631 | INFO | GET /openapi.json Status=200 Time=0.022s
2025-12-29 01:17:04,068 | INFO | GET /docs Status=200 Time=0.001s
2025-12-29 01:17:04,159 | INFO | GET /openapi.json Status=200 Time=0.019s
2025-12-29 01:17:10,331 | INFO | GET /doctor Status=200 Time=0.025s
2025-12-29 01:17:38,950 | INFO | GET /docs Status=200 Time=0.001s
2025-12-29 01:17:39,053 | INFO | GET /openapi.json Status=200 Time=0.025s
2025-12-29 01:17:45,199 | INFO | GET /doctor Status=200 Time=0.024s
2025-12-29 01:23:33,342 | INFO | GET /docs Status=200 Time=0.001s
2025-12-29 01:23:33,471 | INFO | GET /openapi.json Status=200 Time=0.027s
2025-12-29 01:24:01,673 | INFO | POST /patients Status=200 Time=0.044s
2025-12-29 01:33:59,793 | INFO | GET /docs Status=200 Time=0.0s
2025-12-29 01:33:59,936 | INFO | GET /openapi.json Status=200 Time=0.023s
2025-12-29 01:45:27,343 | INFO | GET /docs Status=200 Time=0.001s
2025-12-29 01:45:27,453 | INFO | GET /openapi.json Status=200 Time=0.027s
2025-12-29 01:45:42,181 | INFO | GET /patient Status=200 Time=0.025s
2025-12-29 01:46:28,840 | INFO | PUT /1/status Status=401 Time=0.002s
2025-12-29 01:51:17,553 | INFO | PUT /1/status Status=200 Time=0.036s
2025-12-29 01:58:00,650 | INFO | POST /appointments Status=200 Time=0.033s
2025-12-29 02:01:21,073 | INFO | GET /docs Status=200 Time=0.001s
2025-12-29 02:01:21,236 | INFO | GET /openapi.json Status=200 Time=0.025s
2025-12-29 02:04:26,979 | INFO | GET /docs Status=200 Time=0.001s
2025-12-29 02:04:27,085 | INFO | GET /openapi.json Status=200 Time=0.033s
2025-12-29 02:09:28,493 | INFO | GET /getpatientappointment Status=200 Time=0.011s
2025-12-29 02:13:48,491 | INFO | GET /doctors/1/appointments Status=200 Time=0.016s
2025-12-29 02:14:04,126 | INFO | GET /doctors/2/appointments Status=200 Time=0.005s
2025-12-29 02:14:19,035 | INFO | GET /doctors/3/appointments Status=200 Time=0.003s
2025-12-29 02:14:36,448 | INFO | POST /patientappointment Status=200 Time=0.031s
2025-12-29 02:15:08,435 | INFO | POST /clinic Status=200 Time=0.034s
2025-12-29 02:15:49,083 | INFO | POST /doctor Status=200 Time=0.036s
2025-12-29 02:16:01,833 | INFO | GET /doctor Status=200 Time=0.013s
2025-12-29 02:16:35,136 | INFO | POST /patients Status=200 Time=0.029s
2025-12-29 02:16:48,530 | INFO | GET /patient Status=200 Time=0.026s
2025-12-29 02:17:25,508 | INFO | PUT /2/status Status=200 Time=0.033s
2025-12-29 02:17:49,833 | INFO | POST /patientappointment Status=200 Time=0.022s
2025-12-29 02:17:55,954 | INFO | POST /patientappointment Status=200 Time=0.041s
2025-12-29 02:17:59,463 | INFO | POST /patientappointment Status=200 Time=0.024s
2025-12-29 02:18:23,436 | INFO | GET /getpatientappointment Status=200 Time=0.007s
2025-12-29 02:18:39,844 | INFO | GET /doctors/3/appointments Status=200 Time=0.004s
2025-12-29 02:47:01,216 | INFO | GET /docs Status=200 Time=0.001s
2025-12-29 02:47:01,380 | INFO | GET /openapi.json Status=200 Time=0.03s
2025-12-29 02:48:07,771 | INFO | POST /patients/2/documents Status=200 Time=3.436s
2025-12-29 03:13:41,618 | INFO | GET /docs Status=200 Time=0.001s
2025-12-29 03:13:41,790 | INFO | GET /openapi.json Status=200 Time=0.027s
2025-12-29 03:14:54,148 | INFO | POST /patients/3/visit Status=200 Time=0.04s
2025-12-29 03:15:27,080 | INFO | POST /patients/1/visit Status=200 Time=0.014s
2025-12-29 03:15:37,025 | INFO | POST /patients/1/visit Status=200 Time=0.007s
2025-12-29 03:17:39,946 | INFO | POST /patients/1/visit Status=404 Time=0.001s
2025-12-29 03:18:48,135 | INFO | POST /patients/1/visit Status=404 Time=0.0s
2025-12-29 03:19:09,799 | INFO | POST /patients/1/visit Status=404 Time=0.0s
2025-12-29 03:19:21,322 | INFO | GET /docs Status=200 Time=0.0s
2025-12-29 03:19:21,439 | INFO | GET /openapi.json Status=200 Time=0.028s
2025-12-29 03:20:16,146 | INFO | POST /1/visit Status=200 Time=0.029s
2025-12-29 03:20:42,386 | INFO | POST /2/visit Status=200 Time=0.007s
2025-12-29 03:22:03,960 | INFO | GET /docs Status=200 Time=0.001s
2025-12-29 03:22:04,068 | INFO | GET /openapi.json Status=200 Time=0.036s
2025-12-29 03:24:29,403 | INFO | GET /docs Status=200 Time=0.0s
2025-12-29 03:24:29,520 | INFO | GET /openapi.json Status=200 Time=0.031s
2025-12-29 03:27:40,568 | INFO | GET /docs Status=200 Time=0.001s
2025-12-29 03:27:40,689 | INFO | GET /openapi.json Status=200 Time=0.033s
2025-12-29 03:29:36,376 | INFO | GET /docs Status=200 Time=0.001s
2025-12-29 03:29:36,498 | INFO | GET /openapi.json Status=200 Time=0.029s
2025-12-29 03:31:46,739 | INFO | GET /docs Status=200 Time=0.002s
2025-12-29 03:31:46,850 | INFO | GET /openapi.json Status=200 Time=0.034s
2025-12-29 03:31:56,688 | INFO | POST /2/visit Status=200 Time=0.052s
2025-12-29 03:34:48,163 | INFO | GET /docs Status=200 Time=0.001s
2025-12-29 03:34:48,290 | INFO | GET /openapi.json Status=200 Time=0.036s
2025-12-29 03:35:24,451 | INFO | GET /docs Status=200 Time=0.002s
2025-12-29 03:35:24,583 | INFO | GET /openapi.json Status=200 Time=0.033s
2025-12-29 03:36:31,265 | INFO | GET /docs Status=404 Time=0.001s
2025-12-29 03:36:37,018 | INFO | GET / Status=200 Time=0.002s
2025-12-29 03:36:45,273 | INFO | GET / Status=200 Time=0.001s
2025-12-29 03:37:16,832 | INFO | GET /clinical-management-system/Swagger Status=404 Time=0.001s
2025-12-29 03:37:28,898 | INFO | GET /clinical-management-system/Swagger Status=404 Time=0.001s
2025-12-29 03:37:37,390 | INFO | GET /clinical-management-system/swagger Status=200 Time=0.001s
2025-12-29 03:37:37,484 | INFO | GET /openapi.json Status=200 Time=0.031s
2025-12-29 03:48:00,191 | INFO | GET /clinical-management-system/swagger Status=200 Time=0.001s
2025-12-29 03:48:00,311 | INFO | GET /openapi.json Status=200 Time=0.041s
2025-12-29 03:49:13,318 | INFO | POST /login Status=200 Time=0.035s
2025-12-29 04:07:43,208 | INFO | GET /clinical-management-system/swagger Status=200 Time=0.002s
2025-12-29 04:07:43,455 | INFO | GET /openapi.json Status=200 Time=0.039s
2025-12-29 04:08:16,748 | INFO | POST /clinic Status=200 Time=0.057s
2025-12-29 04:08:27,880 | INFO | POST /login Status=401 Time=0.001s
2025-12-29 04:25:35,133 | INFO | GET /clinical-management-system/swagger Status=200 Time=0.001s
2025-12-29 04:25:35,402 | INFO | GET /openapi.json Status=200 Time=0.027s
2025-12-29 04:25:38,538 | INFO | POST /login Status=401 Time=0.001s
2025-12-29 04:25:41,141 | INFO | POST /login Status=401 Time=0.0s
2025-12-29 04:33:37,947 | INFO | GET /clinical-management-system/swagger Status=200 Time=0.001s
2025-12-29 04:33:38,083 | INFO | GET /openapi.json Status=200 Time=0.028s
2025-12-29 04:33:50,828 | INFO | POST /login Status=200 Time=0.022s
2025-12-29 04:40:51,921 | INFO | GET /clinical-management-system/swagger Status=200 Time=0.001s
2025-12-29 04:40:52,043 | INFO | GET /openapi.json Status=200 Time=0.02s
2025-12-29 04:41:20,774 | INFO | POST /login Status=200 Time=0.02s
2025-12-29 04:45:05,553 | INFO | GET /clinical-management-system/swagger Status=200 Time=0.001s
2025-12-29 04:45:05,682 | INFO | GET /openapi.json Status=200 Time=0.025s
2025-12-29 04:51:01,479 | INFO | GET /clinical-management-system/swagger Status=200 Time=0.001s
2025-12-29 04:51:01,603 | INFO | GET /openapi.json Status=200 Time=0.024s
2025-12-29 04:52:09,613 | INFO | POST /doctor Status=200 Time=0.035s
2025-12-29 04:59:17,557 | INFO | GET /clinical-management-system/swagger Status=200 Time=0.0s
2025-12-29 04:59:17,686 | INFO | GET /openapi.json Status=200 Time=0.022s
2025-12-29 05:03:30,004 | INFO | GET /doctor Status=200 Time=0.023s
2025-12-29 05:03:38,568 | INFO | POST /patients Status=200 Time=0.027s
2025-12-29 05:03:45,594 | INFO | GET /patient Status=200 Time=0.018s
2025-12-29 05:04:08,682 | INFO | PUT /2/status Status=200 Time=0.029s
2025-12-29 05:04:35,349 | INFO | POST /patientappointment Status=200 Time=0.045s
2025-12-29 05:04:39,972 | INFO | GET /getpatientappointment Status=200 Time=0.007s
2025-12-29 05:04:50,364 | INFO | GET /doctors/4/appointments Status=200 Time=0.006s
2025-12-29 05:05:15,202 | INFO | GET /doctors/1/appointments Status=200 Time=0.004s
2025-12-29 10:41:17,443 | INFO | GET / Status=200 Time=0.002s
2025-12-29 10:41:17,489 | INFO | GET /favicon.ico Status=404 Time=0.001s
2025-12-29 10:41:29,587 | INFO | GET /clinical-management-system/swagger Status=200 Time=0.001s
2025-12-29 10:41:29,728 | INFO | GET /openapi.json Status=200 Time=0.043s
2025-12-29 10:45:17,654 | INFO | POST /clinic Status=200 Time=0.053s
2025-12-29 10:47:05,635 | INFO | POST /login Status=200 Time=0.005s
2025-12-29 10:49:44,593 | INFO | POST /login Status=401 Time=0.025s
2025-12-29 11:03:59,533 | INFO | GET /clinical-management-system/swagger Status=200 Time=0.002s
2025-12-29 11:03:59,666 | INFO | GET /openapi.json Status=200 Time=0.039s
2025-12-29 11:04:13,648 | INFO | POST /login Status=401 Time=0.023s
2025-12-29 11:46:22,230 | INFO | GET / Status=200 Time=0.003s
2025-12-29 11:46:22,273 | INFO | GET /favicon.ico Status=404 Time=0.0s
2025-12-29 11:46:34,401 | INFO | GET /clinical-management-system/swagger Status=200 Time=0.0s
2025-12-29 11:46:34,730 | INFO | GET /openapi.json Status=200 Time=0.039s
2025-12-29 12:10:51,605 | INFO | POST /clinic Status=422 Time=0.012s
2025-12-29 12:19:01,135 | INFO | GET /clinical-management-system/swagger Status=200 Time=0.0s
2025-12-29 12:19:01,387 | INFO | GET /openapi.json Status=200 Time=0.033s
2025-12-29 12:28:16,473 | INFO | GET /clinical-management-system/swagger Status=200 Time=0.001s
2025-12-29 12:28:16,575 | INFO | GET /openapi.json Status=200 Time=0.023s
2025-12-29 12:28:26,909 | INFO | POST /login Status=200 Time=0.022s
2025-12-29 12:30:00,041 | INFO | POST /doctor Status=200 Time=0.046s
2025-12-29 12:30:09,879 | INFO | GET /doctor Status=200 Time=0.014s
2025-12-29 12:30:25,019 | INFO | POST /doctor Status=200 Time=0.023s
2025-12-29 12:42:42,798 | INFO | GET /clinical-management-system/swagger Status=200 Time=0.001s
2025-12-29 12:42:42,965 | INFO | GET /openapi.json Status=200 Time=0.032s
2025-12-29 12:42:50,639 | INFO | POST /login Status=200 Time=0.024s
2025-12-29 12:43:38,577 | INFO | GET /clinical-management-system/swagger Status=200 Time=0.0s
2025-12-29 12:43:38,675 | INFO | GET /openapi.json Status=200 Time=0.001s
2025-12-29 12:44:46,768 | INFO | POST /login Status=200 Time=0.011s
2025-12-29 12:44:55,188 | INFO | POST /login Status=200 Time=0.006s
2025-12-29 12:48:14,402 | INFO | GET /clinical-management-system/swagger Status=200 Time=0.0s
2025-12-29 12:48:14,530 | INFO | GET /openapi.json Status=200 Time=0.03s
2025-12-29 12:48:24,216 | INFO | POST /login Status=200 Time=0.019s
2025-12-29 12:58:13,361 | INFO | POST /doctor Status=200 Time=0.089s
2025-12-29 12:58:26,332 | INFO | GET /doctor Status=200 Time=0.011s
2025-12-29 14:05:55,367 | INFO | GET /clinical-management-system/swagger Status=200 Time=0.001s
2025-12-29 14:05:55,647 | INFO | GET /openapi.json Status=200 Time=0.045s
2025-12-29 14:06:02,240 | INFO | GET /doctor Status=401 Time=0.003s
2025-12-29 14:06:12,935 | INFO | POST /login Status=200 Time=0.029s
2025-12-29 14:06:29,221 | INFO | GET /doctor Status=200 Time=0.022s
2025-12-29 14:07:39,762 | INFO | POST /doctor Status=200 Time=0.058s
2025-12-29 14:07:53,205 | INFO | GET /doctor Status=200 Time=0.008s
2025-12-29 14:26:23,401 | INFO | GET /clinical-management-system/swagger Status=200 Time=0.001s
2025-12-29 14:26:23,551 | INFO | GET /openapi.json Status=200 Time=0.042s
2025-12-29 14:26:52,180 | INFO | POST /patients Status=401 Time=0.006s
2025-12-29 14:27:09,196 | INFO | POST /login Status=200 Time=0.061s
2025-12-29 14:40:45,519 | INFO | GET /clinical-management-system/swagger Status=200 Time=0.002s
2025-12-29 14:40:45,639 | INFO | GET /openapi.json Status=200 Time=0.034s
2025-12-29 14:40:55,970 | INFO | POST /login Status=200 Time=0.029s
2025-12-29 14:48:09,244 | INFO | GET / Status=200 Time=0.004s
2025-12-29 14:48:17,135 | INFO | GET /clinical-management-system/swagger Status=200 Time=0.0s
2025-12-29 14:48:17,304 | INFO | GET /openapi.json Status=200 Time=0.036s
2025-12-29 14:48:26,960 | INFO | POST /login Status=200 Time=0.026s
2025-12-29 15:00:00,856 | INFO | GET / Status=200 Time=0.003s
2025-12-29 15:00:21,828 | INFO | GET /clinical-management-system/swagger Status=200 Time=0.0s
2025-12-29 15:00:21,983 | INFO | GET /openapi.json Status=200 Time=0.026s
2025-12-29 15:00:33,914 | INFO | POST /login Status=200 Time=0.026s
2025-12-29 15:00:55,321 | INFO | GET /patients Status=200 Time=0.013s
2025-12-29 15:01:19,389 | INFO | POST /patients Status=200 Time=0.046s
2025-12-29 15:01:49,686 | INFO | PUT /patients/4/status Status=200 Time=0.031s
2025-12-29 15:11:27,419 | INFO | POST /1/visit Status=200 Time=0.046s
